<?xml version="1.0" encoding="UTF-8"?>
<testng-results skipped="0" failed="0" total="1" passed="1">
  <reporter-output>
  </reporter-output>
  <suite name="Default suite" duration-ms="37" started-at="2018-04-24T18:01:51Z" finished-at="2018-04-24T18:01:51Z">
    <groups>
    </groups>
    <test name="Default test" duration-ms="37" started-at="2018-04-24T18:01:51Z" finished-at="2018-04-24T18:01:51Z">
      <class name="ftc.tc01">
        <test-method status="PASS" signature="firstTC()[pri:0, instance:ftc.tc01@61dc03ce]" name="firstTC" duration-ms="16" started-at="2018-04-24T23:31:51Z" finished-at="2018-04-24T23:31:51Z">
          <reporter-output>
          </reporter-output>
        </test-method> <!-- firstTC -->
      </class> <!-- ftc.tc01 -->
    </test> <!-- Default test -->
  </suite> <!-- Default suite -->
</testng-results>
